# JRE version: OpenJDK Runtime Environment Temurin-21.0.6+7 (21.0.6+7) (build 21.0.6+7-LTS)
# Java VM: OpenJDK 64-Bit Server VM Temurin-21.0.6+7 (21.0.6+7-LTS, mixed mode, emulated-client, sharing, tiered, compressed oops, compressed class ptrs, g1 gc, windows-amd64)
GC Precious Log:
 CardTable entry size: 512
 Card Set container configuration: InlinePtr #cards 4 size 8 Array Of Cards #cards 32 size 80 Howl #buckets 8 coarsen threshold 7372 Howl Bitmap #cards 1024 size 144 coarsen threshold 921 Card regions per heap region 1 cards per card region 8192
 CPUs: 16 total, 16 available
 Memory: 32173M
 Large Page Support: Disabled
 NUMA Support: Disabled
 Compressed Oops: Enabled (Zero based)
 Heap Region Size: 4M
 Heap Min Capacity: 8M
 Heap Initial Capacity: 504M
 Heap Max Capacity: 8044M
 Pre-touch: Disabled
 Parallel Workers: 13
 Concurrent Workers: 3
 Concurrent Refinement Workers: 13
 Periodic GC: Disabled
Heap:
 garbage-first heap   total 57344K, used 37389K [0x0000000609400000, 0x0000000800000000)
  region size 4096K, 5 young (20480K), 1 survivors (4096K)
 Metaspace       used 41421K, committed 42112K, reserved 1114112K
  class space    used 5418K, committed 5696K, reserved 1048576K
GC Heap History (20 events):
Event: 2672.920 GC heap after
{Heap after GC invocations=52 (full 19):
 garbage-first heap   total 57344K, used 17904K [0x0000000609400000, 0x0000000800000000)
  region size 4096K, 0 young (0K), 0 survivors (0K)
 Metaspace       used 41337K, committed 42112K, reserved 1114112K
  class space    used 5401K, committed 5696K, reserved 1048576K
}
Event: 2673.156 GC heap before
{Heap before GC invocations=52 (full 19):
 garbage-first heap   total 57344K, used 46576K [0x0000000609400000, 0x0000000800000000)
  region size 4096K, 7 young (28672K), 0 survivors (0K)
 Metaspace       used 41346K, committed 42112K, reserved 1114112K
  class space    used 5403K, committed 5696K, reserved 1048576K
}
Event: 2673.158 GC heap after
{Heap after GC invocations=53 (full 19):
 garbage-first heap   total 57344K, used 20839K [0x0000000609400000, 0x0000000800000000)
  region size 4096K, 1 young (4096K), 1 survivors (4096K)
 Metaspace       used 41346K, committed 42112K, reserved 1114112K
  class space    used 5403K, committed 5696K, reserved 1048576K
}
Event: 2688.800 GC heap before
{Heap before GC invocations=53 (full 19):
 garbage-first heap   total 57344K, used 29031K [0x0000000609400000, 0x0000000800000000)
  region size 4096K, 4 young (16384K), 1 survivors (4096K)
 Metaspace       used 41364K, committed 42112K, reserved 1114112K
  class space    used 5407K, committed 5696K, reserved 1048576K
}
Event: 2688.854 GC heap after
{Heap after GC invocations=54 (full 20):
 garbage-first heap   total 57344K, used 17964K [0x0000000609400000, 0x0000000800000000)
  region size 4096K, 0 young (0K), 0 survivors (0K)
 Metaspace       used 41361K, committed 42112K, reserved 1114112K
  class space    used 5407K, committed 5696K, reserved 1048576K
}
Event: 2689.081 GC heap before
{Heap before GC invocations=54 (full 20):
 garbage-first heap   total 57344K, used 46636K [0x0000000609400000, 0x0000000800000000)
  region size 4096K, 7 young (28672K), 0 survivors (0K)
 Metaspace       used 41368K, committed 42112K, reserved 1114112K
  class space    used 5408K, committed 5696K, reserved 1048576K
}
Event: 2689.083 GC heap after
{Heap after GC invocations=55 (full 20):
 garbage-first heap   total 57344K, used 20938K [0x0000000609400000, 0x0000000800000000)
  region size 4096K, 1 young (4096K), 1 survivors (4096K)
 Metaspace       used 41368K, committed 42112K, reserved 1114112K
  class space    used 5408K, committed 5696K, reserved 1048576K
}
Event: 2737.976 GC heap before
{Heap before GC invocations=55 (full 20):
 garbage-first heap   total 57344K, used 29130K [0x0000000609400000, 0x0000000800000000)
  region size 4096K, 4 young (16384K), 1 survivors (4096K)
 Metaspace       used 41411K, committed 42112K, reserved 1114112K
  class space    used 5419K, committed 5696K, reserved 1048576K
}
Event: 2738.030 GC heap after
{Heap after GC invocations=56 (full 21):
 garbage-first heap   total 57344K, used 18061K [0x0000000609400000, 0x0000000800000000)
  region size 4096K, 0 young (0K), 0 survivors (0K)
 Metaspace       used 41402K, committed 42112K, reserved 1114112K
  class space    used 5417K, committed 5696K, reserved 1048576K
}
Event: 2738.255 GC heap before
{Heap before GC invocations=56 (full 21):
 garbage-first heap   total 57344K, used 46733K [0x0000000609400000, 0x0000000800000000)
  region size 4096K, 7 young (28672K), 0 survivors (0K)
 Metaspace       used 41408K, committed 42112K, reserved 1114112K
  class space    used 5418K, committed 5696K, reserved 1048576K
}
Event: 2738.257 GC heap after
{Heap after GC invocations=57 (full 21):
 garbage-first heap   total 57344K, used 21081K [0x0000000609400000, 0x0000000800000000)
  region size 4096K, 1 young (4096K), 1 survivors (4096K)
 Metaspace       used 41408K, committed 42112K, reserved 1114112K
  class space    used 5418K, committed 5696K, reserved 1048576K
}
Event: 2740.738 GC heap before
{Heap before GC invocations=57 (full 21):
 garbage-first heap   total 57344K, used 25177K [0x0000000609400000, 0x0000000800000000)
  region size 4096K, 3 young (12288K), 1 survivors (4096K)
 Metaspace       used 41417K, committed 42112K, reserved 1114112K
  class space    used 5420K, committed 5696K, reserved 1048576K
}
Event: 2740.793 GC heap after
{Heap after GC invocations=58 (full 22):
 garbage-first heap   total 57344K, used 19403K [0x0000000609400000, 0x0000000800000000)
  region size 4096K, 0 young (0K), 0 survivors (0K)
 Metaspace       used 41369K, committed 42112K, reserved 1114112K
  class space    used 5408K, committed 5696K, reserved 1048576K
}
Event: 2741.032 GC heap before
{Heap before GC invocations=58 (full 22):
 garbage-first heap   total 57344K, used 48075K [0x0000000609400000, 0x0000000800000000)
  region size 4096K, 7 young (28672K), 0 survivors (0K)
 Metaspace       used 41376K, committed 42112K, reserved 1114112K
  class space    used 5410K, committed 5696K, reserved 1048576K
}
Event: 2741.033 GC heap after
{Heap after GC invocations=59 (full 22):
 garbage-first heap   total 57344K, used 22383K [0x0000000609400000, 0x0000000800000000)
  region size 4096K, 1 young (4096K), 1 survivors (4096K)
 Metaspace       used 41376K, committed 42112K, reserved 1114112K
  class space    used 5410K, committed 5696K, reserved 1048576K
}
Event: 2750.585 GC heap before
{Heap before GC invocations=59 (full 22):
 garbage-first heap   total 57344K, used 26479K [0x0000000609400000, 0x0000000800000000)
  region size 4096K, 3 young (12288K), 1 survivors (4096K)
 Metaspace       used 41385K, committed 42112K, reserved 1114112K
  class space    used 5411K, committed 5696K, reserved 1048576K
}
Event: 2750.641 GC heap after
{Heap after GC invocations=60 (full 23):
 garbage-first heap   total 57344K, used 19433K [0x0000000609400000, 0x0000000800000000)
  region size 4096K, 0 young (0K), 0 survivors (0K)
 Metaspace       used 41382K, committed 42112K, reserved 1114112K
  class space    used 5411K, committed 5696K, reserved 1048576K
}
Event: 2750.865 GC heap before
{Heap before GC invocations=60 (full 23):
 garbage-first heap   total 57344K, used 48105K [0x0000000609400000, 0x0000000800000000)
  region size 4096K, 7 young (28672K), 0 survivors (0K)
 Metaspace       used 41391K, committed 42112K, reserved 1114112K
  class space    used 5413K, committed 5696K, reserved 1048576K
}
Event: 2750.867 GC heap after
{Heap after GC invocations=61 (full 23):
 garbage-first heap   total 57344K, used 22454K [0x0000000609400000, 0x0000000800000000)
  region size 4096K, 1 young (4096K), 1 survivors (4096K)
 Metaspace       used 41391K, committed 42112K, reserved 1114112K
  class space    used 5413K, committed 5696K, reserved 1048576K
}
Event: 2836.400 GC heap before
{Heap before GC invocations=61 (full 23):
 garbage-first heap   total 57344K, used 34742K [0x0000000609400000, 0x0000000800000000)
  region size 4096K, 5 young (20480K), 1 survivors (4096K)
 Metaspace       used 41421K, committed 42112K, reserved 1114112K
  class space    used 5418K, committed 5696K, reserved 1048576K
}

